<?xml version="1.0" encoding="UTF-8"?>
<!-- Generated by org.testng.reporters.JUnitReportReporter -->
<testsuite hostname="Bharaths-MacBook-Pro.local" failures="0" tests="1" name="cucumber.runner.TestNgTestRunner" time="76.265" errors="0" timestamp="2022-08-08T08:51:43 CEST" skipped="0">
  <testcase classname="cucumber.runner.TestNgTestRunner" name="runScenario" time="76.265"/>
  <system-out/>
</testsuite> <!-- cucumber.runner.TestNgTestRunner -->
